INFO: 2023/10/07 19:32:50 main3.go:24: Starting the application...
INFO: 2023/10/07 19:33:28 main3.go:24: Starting the application...
INFO: 2023/10/07 19:35:43 main3.go:25: Starting the application...
INFO: 2023/10/07 19:35:43 main3.go:27: Connecting to database...
INFO: 2023/10/07 19:35:44 main3.go:27: Connecting to database...
INFO: 2023/10/07 19:35:45 main3.go:27: Connecting to database...
INFO: 2023/10/07 19:35:46 main3.go:27: Connecting to database...
INFO: 2023/10/07 19:35:47 main3.go:27: Connecting to database...
INFO: 2023/10/07 19:35:48 main3.go:27: Connecting to database...
INFO: 2023/10/07 19:35:49 main3.go:27: Connecting to database...
INFO: 2023/10/07 19:35:50 main3.go:27: Connecting to database...
INFO: 2023/10/07 19:35:51 main3.go:27: Connecting to database...
INFO: 2023/10/07 19:35:52 main3.go:27: Connecting to database...
INFO: 2023/10/07 19:35:53 main3.go:27: Connecting to database...
INFO: 2023/10/07 19:40:55 main3.go:36: Starting the application...
INFO: 2023/10/07 19:40:55 main3.go:38: Connecting to database...
INFO: 2023/10/07 19:40:56 main3.go:38: Connecting to database...
INFO: 2023/10/07 19:40:57 main3.go:38: Connecting to database...
INFO: 2023/10/07 19:40:58 main3.go:38: Connecting to database...
INFO: 2023/10/07 19:40:59 main3.go:38: Connecting to database...
INFO: 2023/10/07 19:41:00 main3.go:38: Connecting to database...
INFO: 2023/10/07 19:41:01 main3.go:38: Connecting to database...
INFO: 2023/10/07 19:41:02 main3.go:38: Connecting to database...
INFO: 2023/10/07 19:41:03 main3.go:38: Connecting to database...
INFO: 2023/10/07 19:41:04 main3.go:38: Connecting to database...
INFO: 2023/10/07 19:41:05 main3.go:38: Connecting to database...
INFO: 2023/10/07 19:42:43 main3.go:36: Starting the application...
INFO: 2023/10/07 19:43:31 main3.go:36: Starting the application...
WARNING:2023/10/07 19:43:31 main3.go:37: Database not available...
INFO: 2023/10/07 19:43:43 main3.go:36: Starting the application...
WARNING: 2023/10/07 19:43:43 main3.go:37: Database not available...
INFO: 2023/10/07 19:44:17 main3.go:36: Starting the application...
WARNING: 2023/10/07 19:44:17 main3.go:37: Database not available...
INFO: 2023/10/07 19:44:31 main3.go:36: Starting the application...
WARNING: 2023/10/07 19:44:31 main3.go:37: Database not available...
INFO: 		2023/10/07 19:44:45 main3.go:36: Starting the application...
WARNING: 2023/10/07 19:44:45 main3.go:37: Database not available...
INFO: 2023/10/07 19:45:03 main3.go:36: Starting the application...
WARNING: 2023/10/07 19:45:03 main3.go:37: Database not available...
INFO: 2023/10/07 19:47:11 main3.go:29: Starting the application...
WARNING: 2023/10/07 19:47:13 main3.go:31: Database not available...
ERROR: 2023/10/07 19:47:15 main3.go:33: Error on start program..
INFO: 2023/10/07 19:50:05 main3.go:41: Starting the application...
INFO: 2023/10/07 19:50:07 main3.go:43: Tentando conectar em %!s(MISSING)
WARNING: 2023/10/07 19:50:09 main3.go:46: Database not available...
ERROR: 2023/10/07 19:50:11 main3.go:48: Error on start program..
INFO: 2023/10/07 19:50:44 main3.go:41: Starting the application...
INFO: 2023/10/07 19:50:46 main3.go:43: Tentando conectar em sqlserver
WARNING: 2023/10/07 19:50:48 main3.go:46: Database not available...
ERROR: 2023/10/07 19:50:50 main3.go:48: Error on start program..
INFO: 2023/10/07 19:50:52 main3.go:50: Saindo...
INFO: 2023/10/07 19:51:44 main3.go:41: Starting the application...
INFO: 2023/10/07 19:51:46 main3.go:43: Tentando conectar em sqlserver://localhost:1433
WARNING: 2023/10/07 19:51:48 main3.go:46: Database not available...
ERROR: 2023/10/07 19:51:50 main3.go:48: Error on start program..
INFO: 2023/10/07 19:51:52 main3.go:50: Saindo...
ALERT: 2023/10/07 19:52:17 main3.go:41: Starting the application...
ALERT: 2023/10/07 19:52:19 main3.go:43: Tentando conectar em sqlserver://localhost:1433
WARNING: 2023/10/07 19:52:21 main3.go:46: Database not available...
ERROR: 2023/10/07 19:52:23 main3.go:48: Error on start program..
ALERT: 2023/10/07 19:52:25 main3.go:50: Saindo...
INFO: 2023/10/07 19:52:29 main3.go:41: Starting the application...
INFO: 2023/10/07 19:52:31 main3.go:43: Tentando conectar em sqlserver://localhost:1433
WARNING: 2023/10/07 19:52:33 main3.go:46: Database not available...
ERROR: 2023/10/07 19:52:35 main3.go:48: Error on start program..
INFO: 2023/10/07 19:52:37 main3.go:50: Saindo...
INFO: 2023/10/07 19:54:40 main3.go:41: Starting the application...
INFO: 2023/10/07 19:54:42 main3.go:43: Tentando conectar em sqlserver://localhost:1433
WARNING: 2023/10/07 19:54:44 main3.go:46: Database not available...
ERROR: 2023/10/07 19:54:46 main3.go:48: Error on start program..
INFO: 2023/10/07 19:54:48 main3.go:50: Saindo...
INFO: 2023/11/20 11:33:46 main3.go:41: Starting the application...
INFO: 2023/11/20 11:33:48 main3.go:43: Tentando conectar em sqlserver://localhost:1433
WARNING: 2023/11/20 11:33:50 main3.go:46: Database not available...
ERROR: 2023/11/20 11:33:52 main3.go:48: Error on start program..
INFO: 2023/11/20 11:33:54 main3.go:50: Saindo...
